<?xml version="1.0" encoding="UTF-8"?>
<testng-results skipped="1" failed="0" ignored="0" total="1" passed="0">
  <reporter-output>
  </reporter-output>
  <suite name="Default suite" duration-ms="298458" started-at="2024-04-04T17:18:28Z" finished-at="2024-04-04T17:23:26Z">
    <groups>
      <group name="log">
        <method signature="ServicesCheck.check()[pri:0, instance:com.testSteps.ServicesCheck@6f1c29b7]" name="check" class="com.testSteps.ServicesCheck"/>
      </group> <!-- log -->
      <group name="smoke">
        <method signature="ServicesCheck.check()[pri:0, instance:com.testSteps.ServicesCheck@6f1c29b7]" name="check" class="com.testSteps.ServicesCheck"/>
      </group> <!-- smoke -->
    </groups>
    <test name="Default test" duration-ms="298458" started-at="2024-04-04T17:18:28Z" finished-at="2024-04-04T17:23:26Z">
      <class name="com.testSteps.ServicesCheck">
        <test-method status="PASS" signature="generateReport()[pri:0, instance:com.testSteps.ServicesCheck@6f1c29b7]" name="generateReport" is-config="true" duration-ms="26556" started-at="2024-04-04T17:18:28Z" finished-at="2024-04-04T17:18:54Z">
          <reporter-output>
          </reporter-output>
        </test-method> <!-- generateReport -->
        <test-method status="FAIL" signature="setUp()[pri:0, instance:com.testSteps.ServicesCheck@6f1c29b7]" name="setUp" is-config="true" duration-ms="264489" started-at="2024-04-04T17:19:01Z" finished-at="2024-04-04T17:23:25Z">
          <exception class="org.openqa.selenium.SessionNotCreatedException">
            <message>
              <![CDATA[session not created: DevToolsActivePort file doesn't exist
Build info: version: '3.141.59', revision: 'e82be7d358', time: '2018-11-14T08:17:03'
System info: host: 'GBSLAPTOP-281', ip: '192.168.56.1', os.name: 'Windows 10', os.arch: 'amd64', os.version: '10.0', java.version: '1.8.0_251'
Driver info: driver.version: ChromeDriver
remote stacktrace: GetHandleVerifier [0x00007FF7DD9870C2+63090]
(No symbol) [0x00007FF7DD8F2D12]
(No symbol) [0x00007FF7DD78EC65]
(No symbol) [0x00007FF7DD7C421D]
(No symbol) [0x00007FF7DD7BEAFC]
(No symbol) [0x00007FF7DD7BB2F4]
(No symbol) [0x00007FF7DD800BFB]
(No symbol) [0x00007FF7DD800830]
(No symbol) [0x00007FF7DD7F6D83]
(No symbol) [0x00007FF7DD7C83A8]
(No symbol) [0x00007FF7DD7C9441]
GetHandleVerifier [0x00007FF7DDD8262D+4238301]
GetHandleVerifier [0x00007FF7DDDBF78D+4488509]
GetHandleVerifier [0x00007FF7DDDB7A6F+4456479]
GetHandleVerifier [0x00007FF7DDA60606+953270]
(No symbol) [0x00007FF7DD8FE5DF]
(No symbol) [0x00007FF7DD8F92B4]
(No symbol) [0x00007FF7DD8F93EB]
(No symbol) [0x00007FF7DD8E9C24]
BaseThreadInitThunk [0x00007FFE49867344+20]
RtlUserThreadStart [0x00007FFE499A26B1+33]
]]>
            </message>
            <full-stacktrace>
              <![CDATA[org.openqa.selenium.SessionNotCreatedException: session not created: DevToolsActivePort file doesn't exist
Build info: version: '3.141.59', revision: 'e82be7d358', time: '2018-11-14T08:17:03'
System info: host: 'GBSLAPTOP-281', ip: '192.168.56.1', os.name: 'Windows 10', os.arch: 'amd64', os.version: '10.0', java.version: '1.8.0_251'
Driver info: driver.version: ChromeDriver
remote stacktrace: GetHandleVerifier [0x00007FF7DD9870C2+63090]
(No symbol) [0x00007FF7DD8F2D12]
(No symbol) [0x00007FF7DD78EC65]
(No symbol) [0x00007FF7DD7C421D]
(No symbol) [0x00007FF7DD7BEAFC]
(No symbol) [0x00007FF7DD7BB2F4]
(No symbol) [0x00007FF7DD800BFB]
(No symbol) [0x00007FF7DD800830]
(No symbol) [0x00007FF7DD7F6D83]
(No symbol) [0x00007FF7DD7C83A8]
(No symbol) [0x00007FF7DD7C9441]
GetHandleVerifier [0x00007FF7DDD8262D+4238301]
GetHandleVerifier [0x00007FF7DDDBF78D+4488509]
GetHandleVerifier [0x00007FF7DDDB7A6F+4456479]
GetHandleVerifier [0x00007FF7DDA60606+953270]
(No symbol) [0x00007FF7DD8FE5DF]
(No symbol) [0x00007FF7DD8F92B4]
(No symbol) [0x00007FF7DD8F93EB]
(No symbol) [0x00007FF7DD8E9C24]
BaseThreadInitThunk [0x00007FFE49867344+20]
RtlUserThreadStart [0x00007FFE499A26B1+33]

at sun.reflect.NativeConstructorAccessorImpl.newInstance0(Native Method)
at sun.reflect.NativeConstructorAccessorImpl.newInstance(NativeConstructorAccessorImpl.java:62)
at sun.reflect.DelegatingConstructorAccessorImpl.newInstance(DelegatingConstructorAccessorImpl.java:45)
at java.lang.reflect.Constructor.newInstance(Constructor.java:423)
at org.openqa.selenium.remote.W3CHandshakeResponse.lambda$errorHandler$0(W3CHandshakeResponse.java:62)
at org.openqa.selenium.remote.HandshakeResponse.lambda$getResponseFunction$0(HandshakeResponse.java:30)
at org.openqa.selenium.remote.ProtocolHandshake.lambda$createSession$0(ProtocolHandshake.java:126)
at java.util.stream.ReferencePipeline$3$1.accept(ReferencePipeline.java:193)
at java.util.Spliterators$ArraySpliterator.tryAdvance(Spliterators.java:958)
at java.util.stream.ReferencePipeline.forEachWithCancel(ReferencePipeline.java:126)
at java.util.stream.AbstractPipeline.copyIntoWithCancel(AbstractPipeline.java:499)
at java.util.stream.AbstractPipeline.copyInto(AbstractPipeline.java:486)
at java.util.stream.AbstractPipeline.wrapAndCopyInto(AbstractPipeline.java:472)
at java.util.stream.FindOps$FindOp.evaluateSequential(FindOps.java:152)
at java.util.stream.AbstractPipeline.evaluate(AbstractPipeline.java:234)
at java.util.stream.ReferencePipeline.findFirst(ReferencePipeline.java:464)
at org.openqa.selenium.remote.ProtocolHandshake.createSession(ProtocolHandshake.java:128)
at org.openqa.selenium.remote.ProtocolHandshake.createSession(ProtocolHandshake.java:74)
at org.openqa.selenium.remote.HttpCommandExecutor.execute(HttpCommandExecutor.java:136)
at org.openqa.selenium.remote.service.DriverCommandExecutor.execute(DriverCommandExecutor.java:83)
at org.openqa.selenium.remote.RemoteWebDriver.execute(RemoteWebDriver.java:552)
at org.openqa.selenium.remote.RemoteWebDriver.startSession(RemoteWebDriver.java:213)
at org.openqa.selenium.remote.RemoteWebDriver.<init>(RemoteWebDriver.java:131)
at org.openqa.selenium.chrome.ChromeDriver.<init>(ChromeDriver.java:181)
at org.openqa.selenium.chrome.ChromeDriver.<init>(ChromeDriver.java:168)
at org.openqa.selenium.chrome.ChromeDriver.<init>(ChromeDriver.java:157)
at com.utils.BaseClass.setUp(BaseClass.java:69)
at sun.reflect.NativeMethodAccessorImpl.invoke0(Native Method)
at sun.reflect.NativeMethodAccessorImpl.invoke(NativeMethodAccessorImpl.java:62)
at sun.reflect.DelegatingMethodAccessorImpl.invoke(DelegatingMethodAccessorImpl.java:43)
at java.lang.reflect.Method.invoke(Method.java:498)
at org.testng.internal.MethodInvocationHelper.invokeMethod(MethodInvocationHelper.java:124)
at org.testng.internal.MethodInvocationHelper.invokeMethodConsideringTimeout(MethodInvocationHelper.java:59)
at org.testng.internal.Invoker.invokeConfigurationMethod(Invoker.java:458)
at org.testng.internal.Invoker.invokeConfigurations(Invoker.java:222)
at org.testng.internal.Invoker.invokeMethod(Invoker.java:523)
at org.testng.internal.Invoker.invokeTestMethod(Invoker.java:719)
at org.testng.internal.Invoker.invokeTestMethods(Invoker.java:989)
at org.testng.internal.TestMethodWorker.invokeTestMethods(TestMethodWorker.java:125)
at org.testng.internal.TestMethodWorker.run(TestMethodWorker.java:109)
at org.testng.TestRunner.privateRun(TestRunner.java:648)
at org.testng.TestRunner.run(TestRunner.java:505)
at org.testng.SuiteRunner.runTest(SuiteRunner.java:455)
at org.testng.SuiteRunner.runSequentially(SuiteRunner.java:450)
at org.testng.SuiteRunner.privateRun(SuiteRunner.java:415)
at org.testng.SuiteRunner.run(SuiteRunner.java:364)
at org.testng.SuiteRunnerWorker.runSuite(SuiteRunnerWorker.java:52)
at org.testng.SuiteRunnerWorker.run(SuiteRunnerWorker.java:84)
at org.testng.TestNG.runSuitesSequentially(TestNG.java:1208)
at org.testng.TestNG.runSuitesLocally(TestNG.java:1137)
at org.testng.TestNG.runSuites(TestNG.java:1049)
at org.testng.TestNG.run(TestNG.java:1017)
at org.testng.remote.AbstractRemoteTestNG.run(AbstractRemoteTestNG.java:115)
at org.testng.remote.RemoteTestNG.initAndRun(RemoteTestNG.java:251)
at org.testng.remote.RemoteTestNG.main(RemoteTestNG.java:77)
]]>
            </full-stacktrace>
          </exception> <!-- org.openqa.selenium.SessionNotCreatedException -->
          <reporter-output>
          </reporter-output>
        </test-method> <!-- setUp -->
        <test-method status="SKIP" signature="check()[pri:0, instance:com.testSteps.ServicesCheck@6f1c29b7]" name="check" duration-ms="0" started-at="2024-04-04T17:23:26Z" finished-at="2024-04-04T17:23:26Z">
          <exception class="org.openqa.selenium.SessionNotCreatedException">
            <message>
              <![CDATA[session not created: DevToolsActivePort file doesn't exist
Build info: version: '3.141.59', revision: 'e82be7d358', time: '2018-11-14T08:17:03'
System info: host: 'GBSLAPTOP-281', ip: '192.168.56.1', os.name: 'Windows 10', os.arch: 'amd64', os.version: '10.0', java.version: '1.8.0_251'
Driver info: driver.version: ChromeDriver
remote stacktrace: GetHandleVerifier [0x00007FF7DD9870C2+63090]
(No symbol) [0x00007FF7DD8F2D12]
(No symbol) [0x00007FF7DD78EC65]
(No symbol) [0x00007FF7DD7C421D]
(No symbol) [0x00007FF7DD7BEAFC]
(No symbol) [0x00007FF7DD7BB2F4]
(No symbol) [0x00007FF7DD800BFB]
(No symbol) [0x00007FF7DD800830]
(No symbol) [0x00007FF7DD7F6D83]
(No symbol) [0x00007FF7DD7C83A8]
(No symbol) [0x00007FF7DD7C9441]
GetHandleVerifier [0x00007FF7DDD8262D+4238301]
GetHandleVerifier [0x00007FF7DDDBF78D+4488509]
GetHandleVerifier [0x00007FF7DDDB7A6F+4456479]
GetHandleVerifier [0x00007FF7DDA60606+953270]
(No symbol) [0x00007FF7DD8FE5DF]
(No symbol) [0x00007FF7DD8F92B4]
(No symbol) [0x00007FF7DD8F93EB]
(No symbol) [0x00007FF7DD8E9C24]
BaseThreadInitThunk [0x00007FFE49867344+20]
RtlUserThreadStart [0x00007FFE499A26B1+33]
]]>
            </message>
            <full-stacktrace>
              <![CDATA[org.openqa.selenium.SessionNotCreatedException: session not created: DevToolsActivePort file doesn't exist
Build info: version: '3.141.59', revision: 'e82be7d358', time: '2018-11-14T08:17:03'
System info: host: 'GBSLAPTOP-281', ip: '192.168.56.1', os.name: 'Windows 10', os.arch: 'amd64', os.version: '10.0', java.version: '1.8.0_251'
Driver info: driver.version: ChromeDriver
remote stacktrace: GetHandleVerifier [0x00007FF7DD9870C2+63090]
(No symbol) [0x00007FF7DD8F2D12]
(No symbol) [0x00007FF7DD78EC65]
(No symbol) [0x00007FF7DD7C421D]
(No symbol) [0x00007FF7DD7BEAFC]
(No symbol) [0x00007FF7DD7BB2F4]
(No symbol) [0x00007FF7DD800BFB]
(No symbol) [0x00007FF7DD800830]
(No symbol) [0x00007FF7DD7F6D83]
(No symbol) [0x00007FF7DD7C83A8]
(No symbol) [0x00007FF7DD7C9441]
GetHandleVerifier [0x00007FF7DDD8262D+4238301]
GetHandleVerifier [0x00007FF7DDDBF78D+4488509]
GetHandleVerifier [0x00007FF7DDDB7A6F+4456479]
GetHandleVerifier [0x00007FF7DDA60606+953270]
(No symbol) [0x00007FF7DD8FE5DF]
(No symbol) [0x00007FF7DD8F92B4]
(No symbol) [0x00007FF7DD8F93EB]
(No symbol) [0x00007FF7DD8E9C24]
BaseThreadInitThunk [0x00007FFE49867344+20]
RtlUserThreadStart [0x00007FFE499A26B1+33]

at sun.reflect.NativeConstructorAccessorImpl.newInstance0(Native Method)
at sun.reflect.NativeConstructorAccessorImpl.newInstance(NativeConstructorAccessorImpl.java:62)
at sun.reflect.DelegatingConstructorAccessorImpl.newInstance(DelegatingConstructorAccessorImpl.java:45)
at java.lang.reflect.Constructor.newInstance(Constructor.java:423)
at org.openqa.selenium.remote.W3CHandshakeResponse.lambda$errorHandler$0(W3CHandshakeResponse.java:62)
at org.openqa.selenium.remote.HandshakeResponse.lambda$getResponseFunction$0(HandshakeResponse.java:30)
at org.openqa.selenium.remote.ProtocolHandshake.lambda$createSession$0(ProtocolHandshake.java:126)
at java.util.stream.ReferencePipeline$3$1.accept(ReferencePipeline.java:193)
at java.util.Spliterators$ArraySpliterator.tryAdvance(Spliterators.java:958)
at java.util.stream.ReferencePipeline.forEachWithCancel(ReferencePipeline.java:126)
at java.util.stream.AbstractPipeline.copyIntoWithCancel(AbstractPipeline.java:499)
at java.util.stream.AbstractPipeline.copyInto(AbstractPipeline.java:486)
at java.util.stream.AbstractPipeline.wrapAndCopyInto(AbstractPipeline.java:472)
at java.util.stream.FindOps$FindOp.evaluateSequential(FindOps.java:152)
at java.util.stream.AbstractPipeline.evaluate(AbstractPipeline.java:234)
at java.util.stream.ReferencePipeline.findFirst(ReferencePipeline.java:464)
at org.openqa.selenium.remote.ProtocolHandshake.createSession(ProtocolHandshake.java:128)
at org.openqa.selenium.remote.ProtocolHandshake.createSession(ProtocolHandshake.java:74)
at org.openqa.selenium.remote.HttpCommandExecutor.execute(HttpCommandExecutor.java:136)
at org.openqa.selenium.remote.service.DriverCommandExecutor.execute(DriverCommandExecutor.java:83)
at org.openqa.selenium.remote.RemoteWebDriver.execute(RemoteWebDriver.java:552)
at org.openqa.selenium.remote.RemoteWebDriver.startSession(RemoteWebDriver.java:213)
at org.openqa.selenium.remote.RemoteWebDriver.<init>(RemoteWebDriver.java:131)
at org.openqa.selenium.chrome.ChromeDriver.<init>(ChromeDriver.java:181)
at org.openqa.selenium.chrome.ChromeDriver.<init>(ChromeDriver.java:168)
at org.openqa.selenium.chrome.ChromeDriver.<init>(ChromeDriver.java:157)
at com.utils.BaseClass.setUp(BaseClass.java:69)
at sun.reflect.NativeMethodAccessorImpl.invoke0(Native Method)
at sun.reflect.NativeMethodAccessorImpl.invoke(NativeMethodAccessorImpl.java:62)
at sun.reflect.DelegatingMethodAccessorImpl.invoke(DelegatingMethodAccessorImpl.java:43)
at java.lang.reflect.Method.invoke(Method.java:498)
at org.testng.internal.MethodInvocationHelper.invokeMethod(MethodInvocationHelper.java:124)
at org.testng.internal.MethodInvocationHelper.invokeMethodConsideringTimeout(MethodInvocationHelper.java:59)
at org.testng.internal.Invoker.invokeConfigurationMethod(Invoker.java:458)
at org.testng.internal.Invoker.invokeConfigurations(Invoker.java:222)
at org.testng.internal.Invoker.invokeMethod(Invoker.java:523)
at org.testng.internal.Invoker.invokeTestMethod(Invoker.java:719)
at org.testng.internal.Invoker.invokeTestMethods(Invoker.java:989)
at org.testng.internal.TestMethodWorker.invokeTestMethods(TestMethodWorker.java:125)
at org.testng.internal.TestMethodWorker.run(TestMethodWorker.java:109)
at org.testng.TestRunner.privateRun(TestRunner.java:648)
at org.testng.TestRunner.run(TestRunner.java:505)
at org.testng.SuiteRunner.runTest(SuiteRunner.java:455)
at org.testng.SuiteRunner.runSequentially(SuiteRunner.java:450)
at org.testng.SuiteRunner.privateRun(SuiteRunner.java:415)
at org.testng.SuiteRunner.run(SuiteRunner.java:364)
at org.testng.SuiteRunnerWorker.runSuite(SuiteRunnerWorker.java:52)
at org.testng.SuiteRunnerWorker.run(SuiteRunnerWorker.java:84)
at org.testng.TestNG.runSuitesSequentially(TestNG.java:1208)
at org.testng.TestNG.runSuitesLocally(TestNG.java:1137)
at org.testng.TestNG.runSuites(TestNG.java:1049)
at org.testng.TestNG.run(TestNG.java:1017)
at org.testng.remote.AbstractRemoteTestNG.run(AbstractRemoteTestNG.java:115)
at org.testng.remote.RemoteTestNG.initAndRun(RemoteTestNG.java:251)
at org.testng.remote.RemoteTestNG.main(RemoteTestNG.java:77)
]]>
            </full-stacktrace>
          </exception> <!-- org.openqa.selenium.SessionNotCreatedException -->
          <reporter-output>
          </reporter-output>
        </test-method> <!-- check -->
        <test-method status="FAIL" signature="AfterMethod(org.testng.ITestResult)[pri:0, instance:com.testSteps.ServicesCheck@6f1c29b7]" name="AfterMethod" is-config="true" duration-ms="15" started-at="2024-04-04T17:23:26Z" finished-at="2024-04-04T17:23:26Z">
          <params>
            <param index="0">
              <value>
                <![CDATA[[TestResult name={null} status=CREATED method=ServicesCheck.check()[pri:0, instance:com.testSteps.ServicesCheck@6f1c29b7] output={null}]]]>
              </value>
            </param>
          </params>
          <exception class="java.lang.NullPointerException">
            <full-stacktrace>
              <![CDATA[java.lang.NullPointerException
at com.utils.BaseClass.AfterMethod(BaseClass.java:128)
at sun.reflect.NativeMethodAccessorImpl.invoke0(Native Method)
at sun.reflect.NativeMethodAccessorImpl.invoke(NativeMethodAccessorImpl.java:62)
at sun.reflect.DelegatingMethodAccessorImpl.invoke(DelegatingMethodAccessorImpl.java:43)
at java.lang.reflect.Method.invoke(Method.java:498)
at org.testng.internal.MethodInvocationHelper.invokeMethod(MethodInvocationHelper.java:124)
at org.testng.internal.MethodInvocationHelper.invokeMethodConsideringTimeout(MethodInvocationHelper.java:59)
at org.testng.internal.Invoker.invokeConfigurationMethod(Invoker.java:458)
at org.testng.internal.Invoker.invokeConfigurations(Invoker.java:222)
at org.testng.internal.Invoker.invokeMethod(Invoker.java:536)
at org.testng.internal.Invoker.invokeTestMethod(Invoker.java:719)
at org.testng.internal.Invoker.invokeTestMethods(Invoker.java:989)
at org.testng.internal.TestMethodWorker.invokeTestMethods(TestMethodWorker.java:125)
at org.testng.internal.TestMethodWorker.run(TestMethodWorker.java:109)
at org.testng.TestRunner.privateRun(TestRunner.java:648)
at org.testng.TestRunner.run(TestRunner.java:505)
at org.testng.SuiteRunner.runTest(SuiteRunner.java:455)
at org.testng.SuiteRunner.runSequentially(SuiteRunner.java:450)
at org.testng.SuiteRunner.privateRun(SuiteRunner.java:415)
at org.testng.SuiteRunner.run(SuiteRunner.java:364)
at org.testng.SuiteRunnerWorker.runSuite(SuiteRunnerWorker.java:52)
at org.testng.SuiteRunnerWorker.run(SuiteRunnerWorker.java:84)
at org.testng.TestNG.runSuitesSequentially(TestNG.java:1208)
at org.testng.TestNG.runSuitesLocally(TestNG.java:1137)
at org.testng.TestNG.runSuites(TestNG.java:1049)
at org.testng.TestNG.run(TestNG.java:1017)
at org.testng.remote.AbstractRemoteTestNG.run(AbstractRemoteTestNG.java:115)
at org.testng.remote.RemoteTestNG.initAndRun(RemoteTestNG.java:251)
at org.testng.remote.RemoteTestNG.main(RemoteTestNG.java:77)
]]>
            </full-stacktrace>
          </exception> <!-- java.lang.NullPointerException -->
          <reporter-output>
          </reporter-output>
        </test-method> <!-- AfterMethod -->
        <test-method status="PASS" signature="flushReport()[pri:0, instance:com.testSteps.ServicesCheck@6f1c29b7]" name="flushReport" is-config="true" duration-ms="3" started-at="2024-04-04T17:23:26Z" finished-at="2024-04-04T17:23:26Z">
          <reporter-output>
          </reporter-output>
        </test-method> <!-- flushReport -->
      </class> <!-- com.testSteps.ServicesCheck -->
    </test> <!-- Default test -->
  </suite> <!-- Default suite -->
</testng-results>
